[ 2018-07-15T16:53:14+08:00 ] 127.0.0.1 /index.php/Home/Index/
INFO: [ app_begin ] --START--
INFO: Run Behavior\ReadHtmlCacheBehavior [ RunTime:0.001183s ]
INFO: [ app_begin ] --END-- [ RunTime:0.002198s ]
SQL: SHOW COLUMNS FROM `my_jianjie` [ RunTime:0.0133s ]
SQL: SELECT * FROM `my_jianjie` ORDER BY id desc  [ RunTime:0.0026s ]
INFO: [ view_parse ] --START--
INFO: [ template_filter ] --START--
INFO: Run Behavior\ContentReplaceBehavior [ RunTime:0.000148s ]
INFO: [ template_filter ] --END-- [ RunTime:0.000249s ]
INFO: Run Behavior\ParseTemplateBehavior [ RunTime:0.014581s ]
INFO: [ view_parse ] --END-- [ RunTime:0.014685s ]
INFO: [ view_filter ] --START--
INFO: Run Behavior\WriteHtmlCacheBehavior [ RunTime:0.001314s ]
INFO: [ view_filter ] --END-- [ RunTime:0.001425s ]
INFO: [ app_end ] --START--
INFO: Run Behavior\ShowPageTraceBehavior [ RunTime:0.002644s ]
INFO: [ app_end ] --END-- [ RunTime:0.002785s ]

[ 2018-07-15T16:53:54+08:00 ] 127.0.0.1 /index.php/Home/Index/
INFO: [ app_begin ] --START--
INFO: Run Behavior\ReadHtmlCacheBehavior [ RunTime:0.001314s ]
INFO: [ app_begin ] --END-- [ RunTime:0.002360s ]
SQL: SHOW COLUMNS FROM `my_jianjie` [ RunTime:0.0128s ]
SQL: SELECT * FROM `my_jianjie` ORDER BY id desc  [ RunTime:0.0018s ]
INFO: [ view_parse ] --START--
INFO: [ template_filter ] --START--
INFO: Run Behavior\ContentReplaceBehavior [ RunTime:0.000112s ]
INFO: [ template_filter ] --END-- [ RunTime:0.000180s ]
INFO: Run Behavior\ParseTemplateBehavior [ RunTime:0.010312s ]
INFO: [ view_parse ] --END-- [ RunTime:0.010433s ]
INFO: [ view_filter ] --START--
INFO: Run Behavior\WriteHtmlCacheBehavior [ RunTime:0.001157s ]
INFO: [ view_filter ] --END-- [ RunTime:0.001274s ]
INFO: [ app_end ] --START--
INFO: Run Behavior\ShowPageTraceBehavior [ RunTime:0.002137s ]
INFO: [ app_end ] --END-- [ RunTime:0.002243s ]

[ 2018-07-15T16:56:52+08:00 ] 127.0.0.1 /index.php/Home/Index/
INFO: [ app_begin ] --START--
INFO: Run Behavior\ReadHtmlCacheBehavior [ RunTime:0.001449s ]
INFO: [ app_begin ] --END-- [ RunTime:0.002836s ]
SQL: SHOW COLUMNS FROM `my_jianjie` [ RunTime:0.0452s ]
SQL: SELECT * FROM `my_jianjie` ORDER BY id desc  [ RunTime:0.0024s ]
INFO: [ view_parse ] --START--
INFO: [ template_filter ] --START--
INFO: Run Behavior\ContentReplaceBehavior [ RunTime:0.000139s ]
INFO: [ template_filter ] --END-- [ RunTime:0.000215s ]
INFO: Run Behavior\ParseTemplateBehavior [ RunTime:0.012647s ]
INFO: [ view_parse ] --END-- [ RunTime:0.012764s ]
INFO: [ view_filter ] --START--
INFO: Run Behavior\WriteHtmlCacheBehavior [ RunTime:0.001037s ]
INFO: [ view_filter ] --END-- [ RunTime:0.001115s ]
INFO: [ app_end ] --START--
INFO: Run Behavior\ShowPageTraceBehavior [ RunTime:0.001263s ]
INFO: [ app_end ] --END-- [ RunTime:0.001351s ]

[ 2018-07-15T16:58:08+08:00 ] 127.0.0.1 /index.php/Home/Index/tuan4
INFO: [ app_begin ] --START--
INFO: Run Behavior\ReadHtmlCacheBehavior [ RunTime:0.000829s ]
INFO: [ app_begin ] --END-- [ RunTime:0.001659s ]
ERR: 非法操作:tuan4

[ 2018-07-15T16:58:09+08:00 ] 127.0.0.1 /index.php/Home/Index/tuan4
INFO: [ app_begin ] --START--
INFO: Run Behavior\ReadHtmlCacheBehavior [ RunTime:0.001557s ]
INFO: [ app_begin ] --END-- [ RunTime:0.002903s ]
ERR: 非法操作:tuan4

[ 2018-07-15T16:58:09+08:00 ] 127.0.0.1 /index.php/Home/Index/tuan4
INFO: [ app_begin ] --START--
INFO: Run Behavior\ReadHtmlCacheBehavior [ RunTime:0.001168s ]
INFO: [ app_begin ] --END-- [ RunTime:0.002306s ]
ERR: 非法操作:tuan4

[ 2018-07-15T16:58:10+08:00 ] 127.0.0.1 /index.php/Home/Index/tuan4
INFO: [ app_begin ] --START--
INFO: Run Behavior\ReadHtmlCacheBehavior [ RunTime:0.000824s ]
INFO: [ app_begin ] --END-- [ RunTime:0.001556s ]
ERR: 非法操作:tuan4

[ 2018-07-15T16:58:11+08:00 ] 127.0.0.1 /index.php/Home/Index/tuan4
INFO: [ app_begin ] --START--
INFO: Run Behavior\ReadHtmlCacheBehavior [ RunTime:0.000891s ]
INFO: [ app_begin ] --END-- [ RunTime:0.002104s ]
ERR: 非法操作:tuan4

[ 2018-07-15T16:58:26+08:00 ] 127.0.0.1 /index.php/Home/Index/tuan4
INFO: [ app_begin ] --START--
INFO: Run Behavior\ReadHtmlCacheBehavior [ RunTime:0.002137s ]
INFO: [ app_begin ] --END-- [ RunTime:0.004545s ]
ERR: 非法操作:tuan4

[ 2018-07-15T16:59:11+08:00 ] 127.0.0.1 /index.php/Home/Index/tuan4
INFO: [ app_begin ] --START--
INFO: Run Behavior\ReadHtmlCacheBehavior [ RunTime:0.002216s ]
INFO: [ app_begin ] --END-- [ RunTime:0.003579s ]
ERR: 非法操作:tuan4

[ 2018-07-15T16:59:38+08:00 ] 127.0.0.1 /index.php/Home/Index/tuan4
INFO: [ app_begin ] --START--
INFO: Run Behavior\ReadHtmlCacheBehavior [ RunTime:0.001716s ]
INFO: [ app_begin ] --END-- [ RunTime:0.003578s ]
ERR: 非法操作:tuan4

[ 2018-07-15T16:59:47+08:00 ] 127.0.0.1 /index.php/Home/Index/tanchu4
INFO: [ app_begin ] --START--
INFO: Run Behavior\ReadHtmlCacheBehavior [ RunTime:0.001716s ]
INFO: [ app_begin ] --END-- [ RunTime:0.003675s ]

[ 2018-07-15T17:04:51+08:00 ] 127.0.0.1 /index.php/Home/Index/tanchu.html
ERR: syntax error, unexpected '，' (T_STRING), expecting ']'

[ 2018-07-15T17:05:20+08:00 ] 127.0.0.1 /index.php/Home/Index/tanchu4
INFO: [ app_begin ] --START--
INFO: Run Behavior\ReadHtmlCacheBehavior [ RunTime:0.001902s ]
INFO: [ app_begin ] --END-- [ RunTime:0.003669s ]
SQL: SHOW COLUMNS FROM `my_jianjie` [ RunTime:0.0166s ]
SQL: UPDATE `my_jianjie` SET `count`=count+1 WHERE ( id ) [ RunTime:0.0454s ]
INFO: [ app_end ] --START--
INFO: Run Behavior\ShowPageTraceBehavior [ RunTime:0.001559s ]
INFO: [ app_end ] --END-- [ RunTime:0.001650s ]

[ 2018-07-15T17:06:29+08:00 ] 127.0.0.1 /index.php/Home/Index/tanchu4
INFO: [ app_begin ] --START--
INFO: Run Behavior\ReadHtmlCacheBehavior [ RunTime:0.000898s ]
INFO: [ app_begin ] --END-- [ RunTime:0.001815s ]
SQL: SHOW COLUMNS FROM `my_jianjie` [ RunTime:0.0173s ]
SQL: UPDATE `my_jianjie` SET `count`=count+1 WHERE ( id ) [ RunTime:0.0044s ]
INFO: [ app_end ] --START--
INFO: Run Behavior\ShowPageTraceBehavior [ RunTime:0.001967s ]
INFO: [ app_end ] --END-- [ RunTime:0.002069s ]

[ 2018-07-15T17:08:11+08:00 ] 127.0.0.1 /index.php/Home/Index/tanchu4
INFO: [ app_begin ] --START--
INFO: Run Behavior\ReadHtmlCacheBehavior [ RunTime:0.001594s ]
INFO: [ app_begin ] --END-- [ RunTime:0.002990s ]
SQL: SHOW COLUMNS FROM `my_jianjie` [ RunTime:0.0102s ]
SQL: UPDATE `my_jianjie` SET `count`=count+1 WHERE ( id ) [ RunTime:0.0045s ]

[ 2018-07-15T17:08:20+08:00 ] 127.0.0.1 /index.php/Home/Index/tanchu4
INFO: [ app_begin ] --START--
INFO: Run Behavior\ReadHtmlCacheBehavior [ RunTime:0.001236s ]
INFO: [ app_begin ] --END-- [ RunTime:0.002341s ]
SQL: SHOW COLUMNS FROM `my_jianjie` [ RunTime:0.0161s ]
SQL: UPDATE `my_jianjie` SET `count`=count+1 WHERE ( id ) [ RunTime:0.0041s ]

[ 2018-07-15T17:13:06+08:00 ] 127.0.0.1 /index.php/Home/Index/tanchu4
INFO: [ app_begin ] --START--
INFO: Run Behavior\ReadHtmlCacheBehavior [ RunTime:0.001439s ]
INFO: [ app_begin ] --END-- [ RunTime:0.002616s ]
SQL: SHOW COLUMNS FROM `my_jianjie` [ RunTime:0.0176s ]
SQL: UPDATE `my_jianjie` SET `count`=count+1 WHERE ( id ) [ RunTime:0.0034s ]

[ 2018-07-15T17:13:28+08:00 ] 127.0.0.1 /index.php/Home/Index/tanchu4
INFO: [ app_begin ] --START--
INFO: Run Behavior\ReadHtmlCacheBehavior [ RunTime:0.000946s ]
INFO: [ app_begin ] --END-- [ RunTime:0.001935s ]
SQL: SHOW COLUMNS FROM `my_jianjie` [ RunTime:0.0706s ]
SQL: UPDATE `my_jianjie` SET `count`=count+1 WHERE ( id ) [ RunTime:0.0038s ]

[ 2018-07-15T17:21:32+08:00 ] 127.0.0.1 /index.php/Home/Index/tanchu4
INFO: [ app_begin ] --START--
INFO: Run Behavior\ReadHtmlCacheBehavior [ RunTime:0.001678s ]
INFO: [ app_begin ] --END-- [ RunTime:0.003309s ]
SQL: SHOW COLUMNS FROM `my_jianjie` [ RunTime:0.0220s ]
SQL: UPDATE `my_jianjie` SET `count`=count+1 WHERE ( id ) [ RunTime:0.0036s ]

[ 2018-07-15T17:21:38+08:00 ] 127.0.0.1 /index.php/Home/Index/tanchu4
INFO: [ app_begin ] --START--
INFO: Run Behavior\ReadHtmlCacheBehavior [ RunTime:0.001684s ]
INFO: [ app_begin ] --END-- [ RunTime:0.003511s ]
SQL: SHOW COLUMNS FROM `my_jianjie` [ RunTime:0.0242s ]
SQL: UPDATE `my_jianjie` SET `count`=count+1 WHERE ( id ) [ RunTime:0.0043s ]

[ 2018-07-15T17:31:59+08:00 ] 127.0.0.1 /index.php/Home/Index/tanchu4
INFO: [ app_begin ] --START--
INFO: Run Behavior\ReadHtmlCacheBehavior [ RunTime:0.000999s ]
INFO: [ app_begin ] --END-- [ RunTime:0.001993s ]
SQL: SHOW COLUMNS FROM `my_jianjie` [ RunTime:0.0117s ]
SQL: UPDATE `my_jianjie` SET `count`=count+1 WHERE ( id ) [ RunTime:0.0040s ]

[ 2018-07-15T17:32:11+08:00 ] 127.0.0.1 /index.php/Home/Index/tanchu4
INFO: [ app_begin ] --START--
INFO: Run Behavior\ReadHtmlCacheBehavior [ RunTime:0.003006s ]
INFO: [ app_begin ] --END-- [ RunTime:0.005047s ]
SQL: SHOW COLUMNS FROM `my_jianjie` [ RunTime:0.0505s ]
SQL: UPDATE `my_jianjie` SET `count`=count+1 WHERE ( id ) [ RunTime:0.0036s ]

[ 2018-07-15T17:33:03+08:00 ] 127.0.0.1 /index.php/Home/Index/tanchu4
INFO: [ app_begin ] --START--
INFO: Run Behavior\ReadHtmlCacheBehavior [ RunTime:0.001354s ]
INFO: [ app_begin ] --END-- [ RunTime:0.002406s ]
SQL: SHOW COLUMNS FROM `my_jianjie` [ RunTime:0.0234s ]
SQL: UPDATE `my_jianjie` SET `count`=count+1 WHERE ( id ) [ RunTime:0.0039s ]

[ 2018-07-15T17:33:27+08:00 ] 127.0.0.1 /index.php/Home/Index/tanchu4
INFO: [ app_begin ] --START--
INFO: Run Behavior\ReadHtmlCacheBehavior [ RunTime:0.001691s ]
INFO: [ app_begin ] --END-- [ RunTime:0.003648s ]
SQL: SHOW COLUMNS FROM `my_jianjie` [ RunTime:0.0274s ]
SQL: UPDATE `my_jianjie` SET `count`=count+1 WHERE ( id ) [ RunTime:0.0036s ]

[ 2018-07-15T17:34:26+08:00 ] 127.0.0.1 /index.php/Home/Index/tanchu4
INFO: [ app_begin ] --START--
INFO: Run Behavior\ReadHtmlCacheBehavior [ RunTime:0.002102s ]
INFO: [ app_begin ] --END-- [ RunTime:0.004323s ]
SQL: SHOW COLUMNS FROM `my_jianjie` [ RunTime:0.0264s ]
SQL: UPDATE `my_jianjie` SET `count`=count+1 WHERE ( id ) [ RunTime:0.0046s ]

[ 2018-07-15T17:36:10+08:00 ] 127.0.0.1 /index.php/Home/Index/tanchu4
INFO: [ app_begin ] --START--
INFO: Run Behavior\ReadHtmlCacheBehavior [ RunTime:0.001344s ]
INFO: [ app_begin ] --END-- [ RunTime:0.002650s ]
SQL: SHOW COLUMNS FROM `my_jianjie` [ RunTime:0.0155s ]
SQL: SELECT * FROM `my_jianjie` WHERE ( id )  [ RunTime:0.0013s ]

[ 2018-07-15T17:36:12+08:00 ] 127.0.0.1 /index.php/Home/Index/tanchu4
INFO: [ app_begin ] --START--
INFO: Run Behavior\ReadHtmlCacheBehavior [ RunTime:0.002793s ]
INFO: [ app_begin ] --END-- [ RunTime:0.004982s ]
SQL: SHOW COLUMNS FROM `my_jianjie` [ RunTime:0.0531s ]
SQL: SELECT * FROM `my_jianjie` WHERE ( id )  [ RunTime:0.0020s ]

[ 2018-07-15T17:36:12+08:00 ] 127.0.0.1 /index.php/Home/Index/tanchu4
INFO: [ app_begin ] --START--
INFO: Run Behavior\ReadHtmlCacheBehavior [ RunTime:0.001125s ]
INFO: [ app_begin ] --END-- [ RunTime:0.002237s ]
SQL: SHOW COLUMNS FROM `my_jianjie` [ RunTime:0.0102s ]
SQL: SELECT * FROM `my_jianjie` WHERE ( id )  [ RunTime:0.0013s ]

[ 2018-07-15T17:36:19+08:00 ] 127.0.0.1 /index.php/Home/Index/tanchu4
INFO: [ app_begin ] --START--
INFO: Run Behavior\ReadHtmlCacheBehavior [ RunTime:0.001361s ]
INFO: [ app_begin ] --END-- [ RunTime:0.002354s ]
SQL: SHOW COLUMNS FROM `my_jianjie` [ RunTime:0.0131s ]
SQL: SELECT * FROM `my_jianjie` WHERE ( id )  [ RunTime:0.0014s ]

[ 2018-07-15T17:37:29+08:00 ] 127.0.0.1 /index.php/Home/Index/tanchu4
INFO: [ app_begin ] --START--
INFO: Run Behavior\ReadHtmlCacheBehavior [ RunTime:0.001842s ]
INFO: [ app_begin ] --END-- [ RunTime:0.003119s ]
SQL: SHOW COLUMNS FROM `my_jianjie` [ RunTime:0.0104s ]
SQL: UPDATE `my_jianjie` SET `count`=count+1 WHERE ( id ) [ RunTime:0.0041s ]

[ 2018-07-15T17:38:11+08:00 ] 127.0.0.1 /index.php/Home/Index/tanchu4
INFO: [ app_begin ] --START--
INFO: Run Behavior\ReadHtmlCacheBehavior [ RunTime:0.001931s ]
INFO: [ app_begin ] --END-- [ RunTime:0.003932s ]

[ 2018-07-15T17:38:15+08:00 ] 127.0.0.1 /index.php/Home/Index/tanchu4
INFO: [ app_begin ] --START--
INFO: Run Behavior\ReadHtmlCacheBehavior [ RunTime:0.001547s ]
INFO: [ app_begin ] --END-- [ RunTime:0.003347s ]

[ 2018-07-15T17:39:37+08:00 ] 127.0.0.1 /index.php/Home/Index/tanchu4
INFO: [ app_begin ] --START--
INFO: Run Behavior\ReadHtmlCacheBehavior [ RunTime:0.001155s ]
INFO: [ app_begin ] --END-- [ RunTime:0.002701s ]
SQL: SHOW COLUMNS FROM `my_jianjie` [ RunTime:0.0221s ]
SQL: UPDATE `my_jianjie` SET `count`=count+1 WHERE `id` = 34 [ RunTime:0.0266s ]

[ 2018-07-15T17:39:51+08:00 ] 127.0.0.1 /index.php/Home/Index/tanchu4
INFO: [ app_begin ] --START--
INFO: Run Behavior\ReadHtmlCacheBehavior [ RunTime:0.001332s ]
INFO: [ app_begin ] --END-- [ RunTime:0.002411s ]
SQL: SHOW COLUMNS FROM `my_jianjie` [ RunTime:0.2239s ]
SQL: UPDATE `my_jianjie` SET `count`=count+1 WHERE `id` = 34 [ RunTime:0.0009s ]

[ 2018-07-15T17:40:00+08:00 ] 127.0.0.1 /index.php/Home/Index/tanchu4
INFO: [ app_begin ] --START--
INFO: Run Behavior\ReadHtmlCacheBehavior [ RunTime:0.001184s ]
INFO: [ app_begin ] --END-- [ RunTime:0.002833s ]
SQL: SHOW COLUMNS FROM `my_jianjie` [ RunTime:0.0110s ]
SQL: UPDATE `my_jianjie` SET `count`=count+1 WHERE `id` = 34 [ RunTime:0.0007s ]

[ 2018-07-15T17:41:09+08:00 ] 127.0.0.1 /index.php/Home/Index/tanchu4
INFO: [ app_begin ] --START--
INFO: Run Behavior\ReadHtmlCacheBehavior [ RunTime:0.001637s ]
INFO: [ app_begin ] --END-- [ RunTime:0.003707s ]
SQL: SHOW COLUMNS FROM `my_jianjie` [ RunTime:0.0130s ]
SQL: UPDATE `my_jianjie` SET `count`=count+1 WHERE `id` = 34 [ RunTime:0.0008s ]

[ 2018-07-15T17:42:10+08:00 ] 127.0.0.1 /index.php/Home/Index/tanchu4
INFO: [ app_begin ] --START--
INFO: Run Behavior\ReadHtmlCacheBehavior [ RunTime:0.001762s ]
INFO: [ app_begin ] --END-- [ RunTime:0.002969s ]
SQL: SHOW COLUMNS FROM `my_jianjie` [ RunTime:0.0097s ]
SQL: UPDATE `my_jianjie` SET `count`=count+1 WHERE `id` = 34 [ RunTime:0.0007s ]

[ 2018-07-15T17:42:17+08:00 ] 127.0.0.1 /index.php/Home/Index/tanchu4
INFO: [ app_begin ] --START--
INFO: Run Behavior\ReadHtmlCacheBehavior [ RunTime:0.002435s ]
INFO: [ app_begin ] --END-- [ RunTime:0.004708s ]
SQL: SHOW COLUMNS FROM `my_jianjie` [ RunTime:0.0176s ]
SQL: UPDATE `my_jianjie` SET `count`=count+1 WHERE `id` = 33 [ RunTime:0.0021s ]

[ 2018-07-15T17:43:50+08:00 ] 127.0.0.1 /index.php/Home/Index/tanchu4
INFO: [ app_begin ] --START--
INFO: Run Behavior\ReadHtmlCacheBehavior [ RunTime:0.001540s ]
INFO: [ app_begin ] --END-- [ RunTime:0.002838s ]
SQL: SHOW COLUMNS FROM `my_jianjie` [ RunTime:0.0134s ]
SQL: UPDATE `my_jianjie` SET `count`=count+1 WHERE `id` = 33 [ RunTime:0.0007s ]

[ 2018-07-15T17:43:56+08:00 ] 127.0.0.1 /index.php/Home/Index/tanchu4
INFO: [ app_begin ] --START--
INFO: Run Behavior\ReadHtmlCacheBehavior [ RunTime:0.002653s ]
INFO: [ app_begin ] --END-- [ RunTime:0.004607s ]
SQL: SHOW COLUMNS FROM `my_jianjie` [ RunTime:0.0143s ]
SQL: UPDATE `my_jianjie` SET `count`=count+1 WHERE `id` = 31 [ RunTime:0.0030s ]

[ 2018-07-15T17:52:52+08:00 ] 127.0.0.1 /index.php/Home/Index/tanchu4
INFO: [ app_begin ] --START--
INFO: Run Behavior\ReadHtmlCacheBehavior [ RunTime:0.001229s ]
INFO: [ app_begin ] --END-- [ RunTime:0.002284s ]
SQL: SHOW COLUMNS FROM `my_jianjie` [ RunTime:0.0463s ]
SQL: UPDATE `my_jianjie` SET `count`=count+1 WHERE `id` = 33 [ RunTime:0.0007s ]

[ 2018-07-15T18:11:27+08:00 ] 127.0.0.1 /index.php/Home/Index/tanchu4
INFO: [ app_begin ] --START--
INFO: Run Behavior\ReadHtmlCacheBehavior [ RunTime:0.001112s ]
INFO: [ app_begin ] --END-- [ RunTime:0.002238s ]
SQL: SHOW COLUMNS FROM `my_jianjie` [ RunTime:0.0132s ]
SQL: UPDATE `my_jianjie` SET `count`=count+1 WHERE `id` = 31 [ RunTime:0.0008s ]

[ 2018-07-15T18:11:33+08:00 ] 127.0.0.1 /index.php/Home/Index/tanchu4
INFO: [ app_begin ] --START--
INFO: Run Behavior\ReadHtmlCacheBehavior [ RunTime:0.001643s ]
INFO: [ app_begin ] --END-- [ RunTime:0.002822s ]
SQL: SHOW COLUMNS FROM `my_jianjie` [ RunTime:0.0081s ]
SQL: UPDATE `my_jianjie` SET `count`=count+1 WHERE `id` = 34 [ RunTime:0.0007s ]

[ 2018-07-15T18:11:45+08:00 ] 127.0.0.1 /index.php/Home/Index/tanchu4
INFO: [ app_begin ] --START--
INFO: Run Behavior\ReadHtmlCacheBehavior [ RunTime:0.001397s ]
INFO: [ app_begin ] --END-- [ RunTime:0.003387s ]
SQL: SHOW COLUMNS FROM `my_jianjie` [ RunTime:0.0185s ]
SQL: UPDATE `my_jianjie` SET `count`=count+1 WHERE `id` = 1 [ RunTime:0.0016s ]

